# Logfile created on Mon Dec 12 10:04:27 +0530 2011  [4;36;1mSQL (1.0ms)[0m   [0;1mSET NAMES 'utf8'[0m
  [4;35;1mSQL (1.0ms)[0m   [0mSET SQL_AUTO_IS_NULL=0[0m


Processing ApplicationController#index (for 127.0.0.1 at 2011-12-12 10:11:46) [GET]
  Parameters: {"action"=>"index", "controller"=>"application"}
  [4;36;1mUser Columns (60.0ms)[0m   [0;1mSHOW FIELDS FROM `users`[0m
Rendering template within layouts/application
Rendering application/index
Rendered user_sessions/_login_form (14.0ms)
Completed in 11774ms (View: 11654, DB: 62) | 200 OK [http://localhost/]
  [4;35;1mSQL (0.0ms)[0m   [0mSET NAMES 'utf8'[0m
  [4;36;1mSQL (1.0ms)[0m   [0;1mSET SQL_AUTO_IS_NULL=0[0m


Processing ApplicationController#index (for 127.0.0.1 at 2011-12-12 10:11:59) [GET]

ActionController::RoutingError (No route matches "/images/white_contUp.jpg" with {:method=>:get}):
  haml (3.0.25) rails/./lib/sass/plugin/rack.rb:41:in `call'
  C:/Ruby187/lib/ruby/1.8/webrick/httpserver.rb:104:in `service'
  C:/Ruby187/lib/ruby/1.8/webrick/httpserver.rb:65:in `run'
  C:/Ruby187/lib/ruby/1.8/webrick/server.rb:173:in `start_thread'
  C:/Ruby187/lib/ruby/1.8/webrick/server.rb:162:in `start'
  C:/Ruby187/lib/ruby/1.8/webrick/server.rb:162:in `start_thread'
  C:/Ruby187/lib/ruby/1.8/webrick/server.rb:95:in `start'
  C:/Ruby187/lib/ruby/1.8/webrick/server.rb:92:in `each'
  C:/Ruby187/lib/ruby/1.8/webrick/server.rb:92:in `start'
  C:/Ruby187/lib/ruby/1.8/webrick/server.rb:23:in `start'
  C:/Ruby187/lib/ruby/1.8/webrick/server.rb:82:in `start'

Rendering rescues/layout (not_found)
  [4;35;1mSQL (0.0ms)[0m   [0mSET NAMES 'utf8'[0m
  [4;36;1mSQL (1.0ms)[0m   [0;1mSET SQL_AUTO_IS_NULL=0[0m


Processing UsersController#new (for 127.0.0.1 at 2011-12-12 11:11:04) [GET]
  Parameters: {"action"=>"new", "controller"=>"users"}
  [4;35;1mUser Columns (25.0ms)[0m   [0mSHOW FIELDS FROM `users`[0m
Rendering template within layouts/application
Rendering users/new
Rendered users/_form (14.0ms)
Completed in 152ms (View: 64, DB: 26) | 200 OK [http://localhost/account/new]
  [4;36;1mSQL (0.0ms)[0m   [0;1mSET NAMES 'utf8'[0m
  [4;35;1mSQL (1.0ms)[0m   [0mSET SQL_AUTO_IS_NULL=0[0m


Processing UsersController#create (for 127.0.0.1 at 2011-12-12 11:11:13) [POST]
  Parameters: {"commit"=>"Register", "action"=>"create", "authenticity_token"=>"hneSzcn0qIDzghILbcEgK6tAg0RWwju7z6IAys3H6mw=", "controller"=>"users", "user"=>{"password_confirmation"=>"[FILTERED]", "password"=>"[FILTERED]", "login"=>"", "email"=>""}}
  [4;36;1mUser Columns (7.0ms)[0m   [0;1mSHOW FIELDS FROM `users`[0m
  [4;35;1mRole Columns (144.0ms)[0m   [0mSHOW FIELDS FROM `roles`[0m
  [4;36;1mRole Load (19.0ms)[0m   [0;1mSELECT * FROM `roles` WHERE (`roles`.`title` = 'user') LIMIT 1[0m
  [4;35;1mSQL (1.0ms)[0m   [0mBEGIN[0m
  [4;36;1mSQL (1.0ms)[0m   [0;1mCOMMIT[0m
  [4;35;1mSQL (1.0ms)[0m   [0mBEGIN[0m
  [4;36;1mUser Load (1.0ms)[0m   [0;1mSELECT `users`.id FROM `users` WHERE (`users`.`persistence_token` = BINARY '3c3ee41de6fbcf9d5d05877f7e242c2763908e51f5e77f0bb1980fc8baaa7b421f7ebf98196a27822758d712fe0759411cbf98514d60a381a6270787a2df27f1') LIMIT 1[0m
  [4;35;1mUser Load (0.0ms)[0m   [0mSELECT `users`.id FROM `users` WHERE (`users`.`single_access_token` = BINARY 'Dv2ealVeBvUPheB27it') LIMIT 1[0m
  [4;36;1mSQL (1.0ms)[0m   [0;1mROLLBACK[0m
Rendering template within layouts/application
Rendering users/new
Rendered users/_form (22.0ms)
Completed in 353ms (View: 87, DB: 176) | 200 OK [http://localhost/account]
